[server] "GET /api/ping HTTP/1.1" 200 -
[server] "GET /api/ping HTTP/1.1" 200 -
[server] "POST /api/auth/login HTTP/1.1" 200 -
[server] "POST /api/generate HTTP/1.1" 200 -
[server] "GET /api/generate/status?jobId=de386a4fd48347a2ab701149ef0577e0 HTTP/1.1" 200 -
[server] "GET /api/generate/status?jobId=de386a4fd48347a2ab701149ef0577e0 HTTP/1.1" 200 -
[server] "GET /api/generate/status?jobId=de386a4fd48347a2ab701149ef0577e0 HTTP/1.1" 200 -
[server] "POST /api/generate HTTP/1.1" 200 -
[server] "GET /api/generate/status?jobId=e4987339bf3143f682763c709a9c8f5b HTTP/1.1" 200 -
[server] "GET /api/generate/status?jobId=e4987339bf3143f682763c709a9c8f5b HTTP/1.1" 200 -
[server] "GET /api/generate/status?jobId=e4987339bf3143f682763c709a9c8f5b HTTP/1.1" 200 -
[server] "GET /api/generate/status?jobId=e4987339bf3143f682763c709a9c8f5b HTTP/1.1" 200 -
[server] "GET /api/generate/status?jobId=e4987339bf3143f682763c709a9c8f5b HTTP/1.1" 200 -
[server] "GET /api/generate/status?jobId=e4987339bf3143f682763c709a9c8f5b HTTP/1.1" 200 -
[server] "GET /api/generate/status?jobId=e4987339bf3143f682763c709a9c8f5b HTTP/1.1" 200 -
[server] "GET / HTTP/1.1" 200 -
[server] "GET /api/auth/me HTTP/1.1" 200 -
[server] "GET /api/programme HTTP/1.1" 200 -
[server] "GET /api/catalogue HTTP/1.1" 200 -
[server] "POST /api/generate HTTP/1.1" 200 -
[server] "GET /api/generate/status?jobId=cb92319d9b1644d1a59116a63f87ad49 HTTP/1.1" 200 -
[server] "GET /api/generate/status?jobId=cb92319d9b1644d1a59116a63f87ad49 HTTP/1.1" 200 -
[server] "GET /api/generate/status?jobId=cb92319d9b1644d1a59116a63f87ad49 HTTP/1.1" 200 -
[server] "GET /api/generate/status?jobId=cb92319d9b1644d1a59116a63f87ad49 HTTP/1.1" 200 -
[server] "GET /api/generate/status?jobId=cb92319d9b1644d1a59116a63f87ad49 HTTP/1.1" 200 -
[server] "GET /api/generate/status?jobId=cb92319d9b1644d1a59116a63f87ad49 HTTP/1.1" 200 -
[server] "GET /api/generate/status?jobId=cb92319d9b1644d1a59116a63f87ad49 HTTP/1.1" 200 -
[server] "GET / HTTP/1.1" 200 -
[server] "GET /api/auth/me HTTP/1.1" 200 -
[server] "GET /api/catalogue HTTP/1.1" 200 -
[server] "GET /api/programme HTTP/1.1" 200 -
[server] "GET /favicon.ico HTTP/1.1" 404 -
[server] "POST /api/generate HTTP/1.1" 200 -
[server] "GET /api/generate/status?jobId=b62481360b6544ffae04e3283da1c6dc HTTP/1.1" 200 -
[server] "GET /api/generate/status?jobId=b62481360b6544ffae04e3283da1c6dc HTTP/1.1" 200 -
[server] "GET /api/generate/status?jobId=b62481360b6544ffae04e3283da1c6dc HTTP/1.1" 200 -
[server] "GET /api/generate/status?jobId=b62481360b6544ffae04e3283da1c6dc HTTP/1.1" 200 -
[server] "GET /api/generate/status?jobId=b62481360b6544ffae04e3283da1c6dc HTTP/1.1" 200 -
[server] "GET /api/generate/status?jobId=b62481360b6544ffae04e3283da1c6dc HTTP/1.1" 200 -
[server] "POST /api/generate HTTP/1.1" 200 -
[server] "GET /api/generate/status?jobId=1de12ecc76454b88825309c4c18eee6f HTTP/1.1" 200 -
[server] "GET /api/generate/status?jobId=1de12ecc76454b88825309c4c18eee6f HTTP/1.1" 200 -
[server] "GET /api/generate/status?jobId=1de12ecc76454b88825309c4c18eee6f HTTP/1.1" 200 -
[server] "GET /api/generate/status?jobId=1de12ecc76454b88825309c4c18eee6f HTTP/1.1" 200 -
[server] "GET /api/generate/status?jobId=1de12ecc76454b88825309c4c18eee6f HTTP/1.1" 200 -
[server] "GET /api/generate/status?jobId=1de12ecc76454b88825309c4c18eee6f HTTP/1.1" 200 -
[server] "GET /api/ping HTTP/1.1" 200 -
[server] "GET / HTTP/1.1" 200 -
[server] "GET /api/auth/me HTTP/1.1" 200 -
[server] "GET /api/programme HTTP/1.1" 200 -
[server] "GET /api/catalogue HTTP/1.1" 200 -
